2024-02-15 10:49:39.925 [main] INFO  org.example.Main - Executing calculateSquareRoot function!
2024-02-15 10:49:39.929 [main] INFO  org.example.Main - Executing calculateSquareRoot function!
2024-02-15 10:49:39.930 [main] INFO  org.example.Main - Executing calculateFactorial function!
2024-02-15 10:49:39.930 [main] INFO  org.example.Main - Executing calculateFactorial function!
2024-02-15 10:49:39.931 [main] INFO  org.example.Main - Executing calculatePowerFunction function!
2024-02-15 10:49:39.931 [main] INFO  org.example.Main - Executing calculatePowerFunction function!
2024-02-15 10:49:39.932 [main] INFO  org.example.Main - Executing calculateNaturalLogarithm function!
2024-02-15 10:49:39.932 [main] INFO  org.example.Main - Executing calculateNaturalLogarithm function!
2024-02-15 11:01:19.241 [main] INFO  org.example.Main - Executing calculateSquareRoot function!
2024-02-15 11:01:19.247 [main] INFO  org.example.Main - Executing calculateSquareRoot function!
2024-02-15 11:01:19.249 [main] INFO  org.example.Main - Executing calculateFactorial function!
2024-02-15 11:01:19.249 [main] INFO  org.example.Main - Executing calculateFactorial function!
2024-02-15 11:01:19.251 [main] INFO  org.example.Main - Executing calculatePowerFunction function!
2024-02-15 11:01:19.252 [main] INFO  org.example.Main - Executing calculatePowerFunction function!
2024-02-15 11:01:19.254 [main] INFO  org.example.Main - Executing calculateNaturalLogarithm function!
2024-02-15 11:01:19.255 [main] INFO  org.example.Main - Executing calculateNaturalLogarithm function!
2024-02-15 11:05:09.052 [main] INFO  org.example.Main - Executing calculateSquareRoot function!
2024-02-15 11:05:09.073 [main] INFO  org.example.Main - Executing calculateSquareRoot function!
2024-02-15 11:05:09.076 [main] INFO  org.example.Main - Executing calculateFactorial function!
2024-02-15 11:05:09.076 [main] INFO  org.example.Main - Executing calculateFactorial function!
2024-02-15 11:05:09.076 [main] INFO  org.example.Main - Executing calculatePowerFunction function!
2024-02-15 11:05:09.076 [main] INFO  org.example.Main - Executing calculatePowerFunction function!
2024-02-15 11:05:09.077 [main] INFO  org.example.Main - Executing calculateNaturalLogarithm function!
2024-02-15 11:05:09.077 [main] INFO  org.example.Main - Executing calculateNaturalLogarithm function!
2024-02-15 11:05:15.988 [main] INFO  org.example.Main - Executing calculateSquareRoot function!
2024-02-15 11:05:16.008 [main] INFO  org.example.Main - Executing calculateSquareRoot function!
2024-02-15 11:05:16.013 [main] INFO  org.example.Main - Executing calculateFactorial function!
2024-02-15 11:05:16.013 [main] INFO  org.example.Main - Executing calculateFactorial function!
2024-02-15 11:05:16.013 [main] INFO  org.example.Main - Executing calculatePowerFunction function!
2024-02-15 11:05:16.013 [main] INFO  org.example.Main - Executing calculatePowerFunction function!
2024-02-15 11:05:16.013 [main] INFO  org.example.Main - Executing calculateNaturalLogarithm function!
2024-02-15 11:05:16.014 [main] INFO  org.example.Main - Executing calculateNaturalLogarithm function!
2024-02-15 11:07:21.578 [main] INFO  org.example.Main - Executing calculateSquareRoot function!
2024-02-15 11:07:21.583 [main] INFO  org.example.Main - Executing calculateSquareRoot function!
2024-02-15 11:07:21.584 [main] INFO  org.example.Main - Executing calculateFactorial function!
2024-02-15 11:07:21.585 [main] INFO  org.example.Main - Executing calculateFactorial function!
2024-02-15 11:07:21.587 [main] INFO  org.example.Main - Executing calculatePowerFunction function!
2024-02-15 11:07:21.587 [main] INFO  org.example.Main - Executing calculatePowerFunction function!
2024-02-15 11:07:21.588 [main] INFO  org.example.Main - Executing calculateNaturalLogarithm function!
2024-02-15 11:07:21.588 [main] INFO  org.example.Main - Executing calculateNaturalLogarithm function!
2024-02-15 11:08:39.660 [main] INFO  org.example.Main - Executing calculateSquareRoot function!
2024-02-15 11:08:39.686 [main] INFO  org.example.Main - Executing calculateSquareRoot function!
2024-02-15 11:08:39.689 [main] INFO  org.example.Main - Executing calculateFactorial function!
2024-02-15 11:08:39.690 [main] INFO  org.example.Main - Executing calculateFactorial function!
2024-02-15 11:08:39.690 [main] INFO  org.example.Main - Executing calculatePowerFunction function!
2024-02-15 11:08:39.690 [main] INFO  org.example.Main - Executing calculatePowerFunction function!
2024-02-15 11:08:39.691 [main] INFO  org.example.Main - Executing calculateNaturalLogarithm function!
2024-02-15 11:08:39.691 [main] INFO  org.example.Main - Executing calculateNaturalLogarithm function!
2024-02-15 11:08:47.318 [main] INFO  org.example.Main - Executing calculateSquareRoot function!
2024-02-15 11:08:47.346 [main] INFO  org.example.Main - Executing calculateSquareRoot function!
2024-02-15 11:08:47.350 [main] INFO  org.example.Main - Executing calculateFactorial function!
2024-02-15 11:08:47.350 [main] INFO  org.example.Main - Executing calculateFactorial function!
2024-02-15 11:08:47.351 [main] INFO  org.example.Main - Executing calculatePowerFunction function!
2024-02-15 11:08:47.351 [main] INFO  org.example.Main - Executing calculatePowerFunction function!
2024-02-15 11:08:47.351 [main] INFO  org.example.Main - Executing calculateNaturalLogarithm function!
2024-02-15 11:08:47.351 [main] INFO  org.example.Main - Executing calculateNaturalLogarithm function!
2024-02-15 11:13:22.921 [main] INFO  org.example.Main - Executing calculateSquareRoot function!
2024-02-15 11:13:22.924 [main] INFO  org.example.Main - Executing calculateSquareRoot function!
2024-02-15 11:13:22.926 [main] INFO  org.example.Main - Executing calculateFactorial function!
2024-02-15 11:13:22.926 [main] INFO  org.example.Main - Executing calculateFactorial function!
2024-02-15 11:13:22.927 [main] INFO  org.example.Main - Executing calculatePowerFunction function!
2024-02-15 11:13:22.927 [main] INFO  org.example.Main - Executing calculatePowerFunction function!
2024-02-15 11:13:22.928 [main] INFO  org.example.Main - Executing calculateNaturalLogarithm function!
2024-02-15 11:13:22.928 [main] INFO  org.example.Main - Executing calculateNaturalLogarithm function!
2024-02-15 11:14:17.585 [main] INFO  org.example.Main - Executing calculateSquareRoot function!
2024-02-15 11:14:17.615 [main] INFO  org.example.Main - Executing calculateSquareRoot function!
2024-02-15 11:14:17.619 [main] INFO  org.example.Main - Executing calculateFactorial function!
2024-02-15 11:14:17.619 [main] INFO  org.example.Main - Executing calculateFactorial function!
2024-02-15 11:14:17.620 [main] INFO  org.example.Main - Executing calculatePowerFunction function!
2024-02-15 11:14:17.620 [main] INFO  org.example.Main - Executing calculatePowerFunction function!
2024-02-15 11:14:17.620 [main] INFO  org.example.Main - Executing calculateNaturalLogarithm function!
2024-02-15 11:14:17.621 [main] INFO  org.example.Main - Executing calculateNaturalLogarithm function!
2024-02-15 11:14:25.452 [main] INFO  org.example.Main - Executing calculateSquareRoot function!
2024-02-15 11:14:25.476 [main] INFO  org.example.Main - Executing calculateSquareRoot function!
2024-02-15 11:14:25.480 [main] INFO  org.example.Main - Executing calculateFactorial function!
2024-02-15 11:14:25.480 [main] INFO  org.example.Main - Executing calculateFactorial function!
2024-02-15 11:14:25.480 [main] INFO  org.example.Main - Executing calculatePowerFunction function!
2024-02-15 11:14:25.480 [main] INFO  org.example.Main - Executing calculatePowerFunction function!
2024-02-15 11:14:25.481 [main] INFO  org.example.Main - Executing calculateNaturalLogarithm function!
2024-02-15 11:14:25.481 [main] INFO  org.example.Main - Executing calculateNaturalLogarithm function!
2024-02-15 11:27:59.911 [main] INFO  org.example.Main - Executing calculateSquareRoot function!
2024-02-15 11:27:59.931 [main] INFO  org.example.Main - Executing calculateSquareRoot function!
2024-02-15 11:27:59.934 [main] INFO  org.example.Main - Executing calculateFactorial function!
2024-02-15 11:27:59.934 [main] INFO  org.example.Main - Executing calculateFactorial function!
2024-02-15 11:27:59.934 [main] INFO  org.example.Main - Executing calculatePowerFunction function!
2024-02-15 11:27:59.935 [main] INFO  org.example.Main - Executing calculatePowerFunction function!
2024-02-15 11:27:59.935 [main] INFO  org.example.Main - Executing calculateNaturalLogarithm function!
2024-02-15 11:27:59.935 [main] INFO  org.example.Main - Executing calculateNaturalLogarithm function!
2024-02-15 11:30:59.631 [main] INFO  org.example.Main - Executing calculateSquareRoot function!
2024-02-15 11:30:59.662 [main] INFO  org.example.Main - Executing calculateSquareRoot function!
2024-02-15 11:30:59.665 [main] INFO  org.example.Main - Executing calculateFactorial function!
2024-02-15 11:30:59.665 [main] INFO  org.example.Main - Executing calculateFactorial function!
2024-02-15 11:30:59.666 [main] INFO  org.example.Main - Executing calculatePowerFunction function!
2024-02-15 11:30:59.666 [main] INFO  org.example.Main - Executing calculatePowerFunction function!
2024-02-15 11:30:59.666 [main] INFO  org.example.Main - Executing calculateNaturalLogarithm function!
2024-02-15 11:30:59.666 [main] INFO  org.example.Main - Executing calculateNaturalLogarithm function!
2024-02-15 11:31:08.862 [main] INFO  org.example.Main - Executing calculateSquareRoot function!
2024-02-15 11:31:08.889 [main] INFO  org.example.Main - Executing calculateSquareRoot function!
2024-02-15 11:31:08.894 [main] INFO  org.example.Main - Executing calculateFactorial function!
2024-02-15 11:31:08.894 [main] INFO  org.example.Main - Executing calculateFactorial function!
2024-02-15 11:31:08.894 [main] INFO  org.example.Main - Executing calculatePowerFunction function!
2024-02-15 11:31:08.894 [main] INFO  org.example.Main - Executing calculatePowerFunction function!
2024-02-15 11:31:08.895 [main] INFO  org.example.Main - Executing calculateNaturalLogarithm function!
2024-02-15 11:31:08.895 [main] INFO  org.example.Main - Executing calculateNaturalLogarithm function!
2024-02-15 11:37:00.571 [main] INFO  org.example.Main - Executing calculateSquareRoot function!
2024-02-15 11:37:00.576 [main] INFO  org.example.Main - Executing calculateSquareRoot function!
2024-02-15 11:37:00.578 [main] INFO  org.example.Main - Executing calculateFactorial function!
2024-02-15 11:37:00.578 [main] INFO  org.example.Main - Executing calculateFactorial function!
2024-02-15 11:37:00.579 [main] INFO  org.example.Main - Executing calculatePowerFunction function!
2024-02-15 11:37:00.580 [main] INFO  org.example.Main - Executing calculatePowerFunction function!
2024-02-15 11:37:00.581 [main] INFO  org.example.Main - Executing calculateNaturalLogarithm function!
2024-02-15 11:37:00.581 [main] INFO  org.example.Main - Executing calculateNaturalLogarithm function!
2024-02-15 11:38:13.132 [main] INFO  org.example.Main - Executing calculateSquareRoot function!
2024-02-15 11:38:13.161 [main] INFO  org.example.Main - Executing calculateSquareRoot function!
2024-02-15 11:38:13.164 [main] INFO  org.example.Main - Executing calculateFactorial function!
2024-02-15 11:38:13.164 [main] INFO  org.example.Main - Executing calculateFactorial function!
2024-02-15 11:38:13.165 [main] INFO  org.example.Main - Executing calculatePowerFunction function!
2024-02-15 11:38:13.165 [main] INFO  org.example.Main - Executing calculatePowerFunction function!
2024-02-15 11:38:13.165 [main] INFO  org.example.Main - Executing calculateNaturalLogarithm function!
2024-02-15 11:38:13.165 [main] INFO  org.example.Main - Executing calculateNaturalLogarithm function!
2024-02-15 11:38:20.398 [main] INFO  org.example.Main - Executing calculateSquareRoot function!
2024-02-15 11:38:20.418 [main] INFO  org.example.Main - Executing calculateSquareRoot function!
2024-02-15 11:38:20.421 [main] INFO  org.example.Main - Executing calculateFactorial function!
2024-02-15 11:38:20.421 [main] INFO  org.example.Main - Executing calculateFactorial function!
2024-02-15 11:38:20.422 [main] INFO  org.example.Main - Executing calculatePowerFunction function!
2024-02-15 11:38:20.422 [main] INFO  org.example.Main - Executing calculatePowerFunction function!
2024-02-15 11:38:20.424 [main] INFO  org.example.Main - Executing calculateNaturalLogarithm function!
2024-02-15 11:38:20.424 [main] INFO  org.example.Main - Executing calculateNaturalLogarithm function!
2024-02-15 11:40:17.556 [main] INFO  org.example.Main - Executing calculateSquareRoot function!
2024-02-15 11:40:17.593 [main] INFO  org.example.Main - Executing calculateSquareRoot function!
2024-02-15 11:40:17.596 [main] INFO  org.example.Main - Executing calculateFactorial function!
2024-02-15 11:40:17.597 [main] INFO  org.example.Main - Executing calculateFactorial function!
2024-02-15 11:40:17.597 [main] INFO  org.example.Main - Executing calculatePowerFunction function!
2024-02-15 11:40:17.597 [main] INFO  org.example.Main - Executing calculatePowerFunction function!
2024-02-15 11:40:17.597 [main] INFO  org.example.Main - Executing calculateNaturalLogarithm function!
2024-02-15 11:40:17.598 [main] INFO  org.example.Main - Executing calculateNaturalLogarithm function!
2024-02-15 11:40:25.285 [main] INFO  org.example.Main - Executing calculateSquareRoot function!
2024-02-15 11:40:25.307 [main] INFO  org.example.Main - Executing calculateSquareRoot function!
2024-02-15 11:40:25.309 [main] INFO  org.example.Main - Executing calculateFactorial function!
2024-02-15 11:40:25.310 [main] INFO  org.example.Main - Executing calculateFactorial function!
2024-02-15 11:40:25.310 [main] INFO  org.example.Main - Executing calculatePowerFunction function!
2024-02-15 11:40:25.310 [main] INFO  org.example.Main - Executing calculatePowerFunction function!
2024-02-15 11:40:25.310 [main] INFO  org.example.Main - Executing calculateNaturalLogarithm function!
2024-02-15 11:40:25.311 [main] INFO  org.example.Main - Executing calculateNaturalLogarithm function!
2024-02-15 11:57:43.849 [main] INFO  org.example.Main - Executing calculateSquareRoot function!
2024-02-15 11:57:43.853 [main] INFO  org.example.Main - Executing calculateSquareRoot function!
2024-02-15 11:57:43.855 [main] INFO  org.example.Main - Executing calculateFactorial function!
2024-02-15 11:57:43.855 [main] INFO  org.example.Main - Executing calculateFactorial function!
2024-02-15 11:57:43.856 [main] INFO  org.example.Main - Executing calculatePowerFunction function!
2024-02-15 11:57:43.857 [main] INFO  org.example.Main - Executing calculatePowerFunction function!
2024-02-15 11:57:43.858 [main] INFO  org.example.Main - Executing calculateNaturalLogarithm function!
2024-02-15 11:57:43.859 [main] INFO  org.example.Main - Executing calculateNaturalLogarithm function!
2024-02-15 11:59:10.809 [main] INFO  org.example.Main - Executing calculateSquareRoot function!
2024-02-15 11:59:10.836 [main] INFO  org.example.Main - Executing calculateSquareRoot function!
2024-02-15 11:59:10.840 [main] INFO  org.example.Main - Executing calculateFactorial function!
2024-02-15 11:59:10.840 [main] INFO  org.example.Main - Executing calculateFactorial function!
2024-02-15 11:59:10.840 [main] INFO  org.example.Main - Executing calculatePowerFunction function!
2024-02-15 11:59:10.841 [main] INFO  org.example.Main - Executing calculatePowerFunction function!
2024-02-15 11:59:10.842 [main] INFO  org.example.Main - Executing calculateNaturalLogarithm function!
2024-02-15 11:59:10.842 [main] INFO  org.example.Main - Executing calculateNaturalLogarithm function!
2024-02-15 11:59:19.354 [main] INFO  org.example.Main - Executing calculateSquareRoot function!
2024-02-15 11:59:19.375 [main] INFO  org.example.Main - Executing calculateSquareRoot function!
2024-02-15 11:59:19.379 [main] INFO  org.example.Main - Executing calculateFactorial function!
2024-02-15 11:59:19.379 [main] INFO  org.example.Main - Executing calculateFactorial function!
2024-02-15 11:59:19.380 [main] INFO  org.example.Main - Executing calculatePowerFunction function!
2024-02-15 11:59:19.380 [main] INFO  org.example.Main - Executing calculatePowerFunction function!
2024-02-15 11:59:19.380 [main] INFO  org.example.Main - Executing calculateNaturalLogarithm function!
2024-02-15 11:59:19.381 [main] INFO  org.example.Main - Executing calculateNaturalLogarithm function!
2024-02-15 12:12:18.811 [main] INFO  org.example.Main - Executing calculateSquareRoot function!
2024-02-15 12:12:18.815 [main] INFO  org.example.Main - Executing calculateSquareRoot function!
2024-02-15 12:12:18.816 [main] INFO  org.example.Main - Executing calculateFactorial function!
2024-02-15 12:12:18.816 [main] INFO  org.example.Main - Executing calculateFactorial function!
2024-02-15 12:12:18.818 [main] INFO  org.example.Main - Executing calculatePowerFunction function!
2024-02-15 12:12:18.818 [main] INFO  org.example.Main - Executing calculatePowerFunction function!
2024-02-15 12:12:18.819 [main] INFO  org.example.Main - Executing calculateNaturalLogarithm function!
2024-02-15 12:12:18.820 [main] INFO  org.example.Main - Executing calculateNaturalLogarithm function!
2024-02-15 12:13:38.273 [main] INFO  org.example.Main - Executing calculateSquareRoot function!
2024-02-15 12:13:38.313 [main] INFO  org.example.Main - Executing calculateSquareRoot function!
2024-02-15 12:13:38.320 [main] INFO  org.example.Main - Executing calculateFactorial function!
2024-02-15 12:13:38.321 [main] INFO  org.example.Main - Executing calculateFactorial function!
2024-02-15 12:13:38.325 [main] INFO  org.example.Main - Executing calculatePowerFunction function!
2024-02-15 12:13:38.326 [main] INFO  org.example.Main - Executing calculatePowerFunction function!
2024-02-15 12:13:38.327 [main] INFO  org.example.Main - Executing calculateNaturalLogarithm function!
2024-02-15 12:13:38.327 [main] INFO  org.example.Main - Executing calculateNaturalLogarithm function!
2024-02-15 12:13:53.647 [main] INFO  org.example.Main - Executing calculateSquareRoot function!
2024-02-15 12:13:53.683 [main] INFO  org.example.Main - Executing calculateSquareRoot function!
2024-02-15 12:13:53.689 [main] INFO  org.example.Main - Executing calculateFactorial function!
2024-02-15 12:13:53.689 [main] INFO  org.example.Main - Executing calculateFactorial function!
2024-02-15 12:13:53.690 [main] INFO  org.example.Main - Executing calculatePowerFunction function!
2024-02-15 12:13:53.691 [main] INFO  org.example.Main - Executing calculatePowerFunction function!
2024-02-15 12:13:53.691 [main] INFO  org.example.Main - Executing calculateNaturalLogarithm function!
2024-02-15 12:13:53.692 [main] INFO  org.example.Main - Executing calculateNaturalLogarithm function!
2024-02-15 12:16:23.148 [main] INFO  org.example.Main - Executing calculateSquareRoot function!
2024-02-15 12:16:23.182 [main] INFO  org.example.Main - Executing calculateSquareRoot function!
2024-02-15 12:16:23.186 [main] INFO  org.example.Main - Executing calculateFactorial function!
2024-02-15 12:16:23.186 [main] INFO  org.example.Main - Executing calculateFactorial function!
2024-02-15 12:16:23.187 [main] INFO  org.example.Main - Executing calculatePowerFunction function!
2024-02-15 12:16:23.187 [main] INFO  org.example.Main - Executing calculatePowerFunction function!
2024-02-15 12:16:23.188 [main] INFO  org.example.Main - Executing calculateNaturalLogarithm function!
2024-02-15 12:16:23.188 [main] INFO  org.example.Main - Executing calculateNaturalLogarithm function!
2024-02-15 12:16:33.175 [main] INFO  org.example.Main - Executing calculateSquareRoot function!
2024-02-15 12:16:33.211 [main] INFO  org.example.Main - Executing calculateSquareRoot function!
2024-02-15 12:16:33.217 [main] INFO  org.example.Main - Executing calculateFactorial function!
2024-02-15 12:16:33.217 [main] INFO  org.example.Main - Executing calculateFactorial function!
2024-02-15 12:16:33.218 [main] INFO  org.example.Main - Executing calculatePowerFunction function!
2024-02-15 12:16:33.219 [main] INFO  org.example.Main - Executing calculatePowerFunction function!
2024-02-15 12:16:33.220 [main] INFO  org.example.Main - Executing calculateNaturalLogarithm function!
2024-02-15 12:16:33.220 [main] INFO  org.example.Main - Executing calculateNaturalLogarithm function!
2024-02-15 12:41:05.390 [main] INFO  org.example.Main - Executing calculateSquareRoot function!
2024-02-15 12:41:05.394 [main] INFO  org.example.Main - Executing calculateSquareRoot function!
2024-02-15 12:41:05.395 [main] INFO  org.example.Main - Executing calculateFactorial function!
2024-02-15 12:41:05.395 [main] INFO  org.example.Main - Executing calculateFactorial function!
2024-02-15 12:41:05.396 [main] INFO  org.example.Main - Executing calculatePowerFunction function!
2024-02-15 12:41:05.396 [main] INFO  org.example.Main - Executing calculatePowerFunction function!
2024-02-15 12:41:05.397 [main] INFO  org.example.Main - Executing calculateNaturalLogarithm function!
2024-02-15 12:41:05.398 [main] INFO  org.example.Main - Executing calculateNaturalLogarithm function!
2024-02-15 12:43:00.077 [main] INFO  org.example.Main - Executing calculateSquareRoot function!
2024-02-15 12:43:00.097 [main] INFO  org.example.Main - Executing calculateSquareRoot function!
2024-02-15 12:43:00.100 [main] INFO  org.example.Main - Executing calculateFactorial function!
2024-02-15 12:43:00.100 [main] INFO  org.example.Main - Executing calculateFactorial function!
2024-02-15 12:43:00.101 [main] INFO  org.example.Main - Executing calculatePowerFunction function!
2024-02-15 12:43:00.101 [main] INFO  org.example.Main - Executing calculatePowerFunction function!
2024-02-15 12:43:00.101 [main] INFO  org.example.Main - Executing calculateNaturalLogarithm function!
2024-02-15 12:43:00.101 [main] INFO  org.example.Main - Executing calculateNaturalLogarithm function!
2024-02-15 12:43:23.344 [main] INFO  org.example.Main - Executing calculateSquareRoot function!
2024-02-15 12:43:23.376 [main] INFO  org.example.Main - Executing calculateSquareRoot function!
2024-02-15 12:43:23.380 [main] INFO  org.example.Main - Executing calculateFactorial function!
2024-02-15 12:43:23.381 [main] INFO  org.example.Main - Executing calculateFactorial function!
2024-02-15 12:43:23.381 [main] INFO  org.example.Main - Executing calculatePowerFunction function!
2024-02-15 12:43:23.381 [main] INFO  org.example.Main - Executing calculatePowerFunction function!
2024-02-15 12:43:23.382 [main] INFO  org.example.Main - Executing calculateNaturalLogarithm function!
2024-02-15 12:43:23.382 [main] INFO  org.example.Main - Executing calculateNaturalLogarithm function!
2024-02-15 12:47:09.342 [main] INFO  org.example.Main - Executing calculateSquareRoot function!
2024-02-15 12:47:09.363 [main] INFO  org.example.Main - Executing calculateSquareRoot function!
2024-02-15 12:47:09.365 [main] INFO  org.example.Main - Executing calculateFactorial function!
2024-02-15 12:47:09.366 [main] INFO  org.example.Main - Executing calculateFactorial function!
2024-02-15 12:47:09.366 [main] INFO  org.example.Main - Executing calculatePowerFunction function!
2024-02-15 12:47:09.366 [main] INFO  org.example.Main - Executing calculatePowerFunction function!
2024-02-15 12:47:09.367 [main] INFO  org.example.Main - Executing calculateNaturalLogarithm function!
2024-02-15 12:47:09.367 [main] INFO  org.example.Main - Executing calculateNaturalLogarithm function!
2024-02-15 12:47:18.905 [main] INFO  org.example.Main - Executing calculateSquareRoot function!
2024-02-15 12:47:18.934 [main] INFO  org.example.Main - Executing calculateSquareRoot function!
2024-02-15 12:47:18.938 [main] INFO  org.example.Main - Executing calculateFactorial function!
2024-02-15 12:47:18.938 [main] INFO  org.example.Main - Executing calculateFactorial function!
2024-02-15 12:47:18.939 [main] INFO  org.example.Main - Executing calculatePowerFunction function!
2024-02-15 12:47:18.939 [main] INFO  org.example.Main - Executing calculatePowerFunction function!
2024-02-15 12:47:18.939 [main] INFO  org.example.Main - Executing calculateNaturalLogarithm function!
2024-02-15 12:47:18.940 [main] INFO  org.example.Main - Executing calculateNaturalLogarithm function!
2024-02-15 12:50:28.761 [main] INFO  org.example.Main - Executing calculateSquareRoot function!
2024-02-15 12:50:28.789 [main] INFO  org.example.Main - Executing calculateSquareRoot function!
2024-02-15 12:50:28.794 [main] INFO  org.example.Main - Executing calculateFactorial function!
2024-02-15 12:50:28.794 [main] INFO  org.example.Main - Executing calculateFactorial function!
2024-02-15 12:50:28.795 [main] INFO  org.example.Main - Executing calculatePowerFunction function!
2024-02-15 12:50:28.796 [main] INFO  org.example.Main - Executing calculatePowerFunction function!
2024-02-15 12:50:28.797 [main] INFO  org.example.Main - Executing calculateNaturalLogarithm function!
2024-02-15 12:50:28.798 [main] INFO  org.example.Main - Executing calculateNaturalLogarithm function!
2024-02-15 12:50:38.613 [main] INFO  org.example.Main - Executing calculateSquareRoot function!
2024-02-15 12:50:38.650 [main] INFO  org.example.Main - Executing calculateSquareRoot function!
2024-02-15 12:50:38.653 [main] INFO  org.example.Main - Executing calculateFactorial function!
2024-02-15 12:50:38.653 [main] INFO  org.example.Main - Executing calculateFactorial function!
2024-02-15 12:50:38.654 [main] INFO  org.example.Main - Executing calculatePowerFunction function!
2024-02-15 12:50:38.654 [main] INFO  org.example.Main - Executing calculatePowerFunction function!
2024-02-15 12:50:38.655 [main] INFO  org.example.Main - Executing calculateNaturalLogarithm function!
2024-02-15 12:50:38.655 [main] INFO  org.example.Main - Executing calculateNaturalLogarithm function!
2024-02-15 12:51:54.762 [main] INFO  org.example.Main - Executing calculateSquareRoot function!
2024-02-15 12:51:54.803 [main] INFO  org.example.Main - Executing calculateSquareRoot function!
2024-02-15 12:51:54.809 [main] INFO  org.example.Main - Executing calculateFactorial function!
2024-02-15 12:51:54.809 [main] INFO  org.example.Main - Executing calculateFactorial function!
2024-02-15 12:51:54.810 [main] INFO  org.example.Main - Executing calculatePowerFunction function!
2024-02-15 12:51:54.810 [main] INFO  org.example.Main - Executing calculatePowerFunction function!
2024-02-15 12:51:54.810 [main] INFO  org.example.Main - Executing calculateNaturalLogarithm function!
2024-02-15 12:51:54.810 [main] INFO  org.example.Main - Executing calculateNaturalLogarithm function!
2024-02-15 12:52:02.517 [main] INFO  org.example.Main - Executing calculateSquareRoot function!
2024-02-15 12:52:02.535 [main] INFO  org.example.Main - Executing calculateSquareRoot function!
2024-02-15 12:52:02.538 [main] INFO  org.example.Main - Executing calculateFactorial function!
2024-02-15 12:52:02.538 [main] INFO  org.example.Main - Executing calculateFactorial function!
2024-02-15 12:52:02.538 [main] INFO  org.example.Main - Executing calculatePowerFunction function!
2024-02-15 12:52:02.539 [main] INFO  org.example.Main - Executing calculatePowerFunction function!
2024-02-15 12:52:02.539 [main] INFO  org.example.Main - Executing calculateNaturalLogarithm function!
2024-02-15 12:52:02.539 [main] INFO  org.example.Main - Executing calculateNaturalLogarithm function!
2024-02-15 12:56:01.510 [main] INFO  org.example.Main - Executing calculateSquareRoot function!
2024-02-15 12:56:01.532 [main] INFO  org.example.Main - Executing calculateSquareRoot function!
2024-02-15 12:56:01.536 [main] INFO  org.example.Main - Executing calculateFactorial function!
2024-02-15 12:56:01.536 [main] INFO  org.example.Main - Executing calculateFactorial function!
2024-02-15 12:56:01.536 [main] INFO  org.example.Main - Executing calculatePowerFunction function!
2024-02-15 12:56:01.537 [main] INFO  org.example.Main - Executing calculatePowerFunction function!
2024-02-15 12:56:01.537 [main] INFO  org.example.Main - Executing calculateNaturalLogarithm function!
2024-02-15 12:56:01.537 [main] INFO  org.example.Main - Executing calculateNaturalLogarithm function!
2024-02-15 12:56:09.199 [main] INFO  org.example.Main - Executing calculateSquareRoot function!
2024-02-15 12:56:09.221 [main] INFO  org.example.Main - Executing calculateSquareRoot function!
2024-02-15 12:56:09.224 [main] INFO  org.example.Main - Executing calculateFactorial function!
2024-02-15 12:56:09.224 [main] INFO  org.example.Main - Executing calculateFactorial function!
2024-02-15 12:56:09.224 [main] INFO  org.example.Main - Executing calculatePowerFunction function!
2024-02-15 12:56:09.224 [main] INFO  org.example.Main - Executing calculatePowerFunction function!
2024-02-15 12:56:09.225 [main] INFO  org.example.Main - Executing calculateNaturalLogarithm function!
2024-02-15 12:56:09.225 [main] INFO  org.example.Main - Executing calculateNaturalLogarithm function!
2024-02-15 12:59:23.381 [main] INFO  org.example.Main - Executing calculateSquareRoot function!
2024-02-15 12:59:23.401 [main] INFO  org.example.Main - Executing calculateSquareRoot function!
2024-02-15 12:59:23.405 [main] INFO  org.example.Main - Executing calculateFactorial function!
2024-02-15 12:59:23.405 [main] INFO  org.example.Main - Executing calculateFactorial function!
2024-02-15 12:59:23.405 [main] INFO  org.example.Main - Executing calculatePowerFunction function!
2024-02-15 12:59:23.405 [main] INFO  org.example.Main - Executing calculatePowerFunction function!
2024-02-15 12:59:23.406 [main] INFO  org.example.Main - Executing calculateNaturalLogarithm function!
2024-02-15 12:59:23.406 [main] INFO  org.example.Main - Executing calculateNaturalLogarithm function!
2024-02-15 12:59:31.406 [main] INFO  org.example.Main - Executing calculateSquareRoot function!
2024-02-15 12:59:31.431 [main] INFO  org.example.Main - Executing calculateSquareRoot function!
2024-02-15 12:59:31.434 [main] INFO  org.example.Main - Executing calculateFactorial function!
2024-02-15 12:59:31.435 [main] INFO  org.example.Main - Executing calculateFactorial function!
2024-02-15 12:59:31.435 [main] INFO  org.example.Main - Executing calculatePowerFunction function!
2024-02-15 12:59:31.435 [main] INFO  org.example.Main - Executing calculatePowerFunction function!
2024-02-15 12:59:31.436 [main] INFO  org.example.Main - Executing calculateNaturalLogarithm function!
2024-02-15 12:59:31.436 [main] INFO  org.example.Main - Executing calculateNaturalLogarithm function!
2024-02-15 13:10:55.412 [main] INFO  org.example.Main - Executing calculateSquareRoot function!
2024-02-15 13:10:55.416 [main] INFO  org.example.Main - Executing calculateSquareRoot function!
2024-02-15 13:10:55.417 [main] INFO  org.example.Main - Executing calculateFactorial function!
2024-02-15 13:10:55.417 [main] INFO  org.example.Main - Executing calculateFactorial function!
2024-02-15 13:10:55.418 [main] INFO  org.example.Main - Executing calculatePowerFunction function!
2024-02-15 13:10:55.419 [main] INFO  org.example.Main - Executing calculatePowerFunction function!
2024-02-15 13:10:55.420 [main] INFO  org.example.Main - Executing calculateNaturalLogarithm function!
2024-02-15 13:10:55.421 [main] INFO  org.example.Main - Executing calculateNaturalLogarithm function!
2024-02-15 13:11:35.933 [main] INFO  org.example.Main - Executing calculateSquareRoot function!
2024-02-15 13:11:35.936 [main] INFO  org.example.Main - Executing calculateSquareRoot function!
2024-02-15 13:11:35.937 [main] INFO  org.example.Main - Executing calculateFactorial function!
2024-02-15 13:11:35.937 [main] INFO  org.example.Main - Executing calculateFactorial function!
2024-02-15 13:11:35.937 [main] INFO  org.example.Main - Executing calculatePowerFunction function!
2024-02-15 13:11:35.938 [main] INFO  org.example.Main - Executing calculatePowerFunction function!
2024-02-15 13:11:35.938 [main] INFO  org.example.Main - Executing calculateNaturalLogarithm function!
2024-02-15 13:11:35.938 [main] INFO  org.example.Main - Executing calculateNaturalLogarithm function!
2024-02-15 13:11:39.665 [main] INFO  org.example.Main - Executing calculateSquareRoot function!
2024-02-15 13:11:39.671 [main] INFO  org.example.Main - Executing calculateSquareRoot function!
2024-02-15 13:11:39.672 [main] INFO  org.example.Main - Executing calculateFactorial function!
2024-02-15 13:11:39.673 [main] INFO  org.example.Main - Executing calculateFactorial function!
2024-02-15 13:11:39.674 [main] INFO  org.example.Main - Executing calculatePowerFunction function!
2024-02-15 13:11:39.674 [main] INFO  org.example.Main - Executing calculatePowerFunction function!
2024-02-15 13:11:39.675 [main] INFO  org.example.Main - Executing calculateNaturalLogarithm function!
2024-02-15 13:11:39.675 [main] INFO  org.example.Main - Executing calculateNaturalLogarithm function!
2024-02-15 13:13:13.730 [main] INFO  org.example.Main - Executing calculateSquareRoot function!
2024-02-15 13:13:13.750 [main] INFO  org.example.Main - Executing calculateSquareRoot function!
2024-02-15 13:13:13.754 [main] INFO  org.example.Main - Executing calculateFactorial function!
2024-02-15 13:13:13.754 [main] INFO  org.example.Main - Executing calculateFactorial function!
2024-02-15 13:13:13.754 [main] INFO  org.example.Main - Executing calculatePowerFunction function!
2024-02-15 13:13:13.754 [main] INFO  org.example.Main - Executing calculatePowerFunction function!
2024-02-15 13:13:13.755 [main] INFO  org.example.Main - Executing calculateNaturalLogarithm function!
2024-02-15 13:13:13.755 [main] INFO  org.example.Main - Executing calculateNaturalLogarithm function!
2024-02-15 13:17:02.110 [main] INFO  org.example.Main - Executing calculateSquareRoot function!
2024-02-15 13:17:02.134 [main] INFO  org.example.Main - Executing calculateSquareRoot function!
2024-02-15 13:17:02.138 [main] INFO  org.example.Main - Executing calculateFactorial function!
2024-02-15 13:17:02.138 [main] INFO  org.example.Main - Executing calculateFactorial function!
2024-02-15 13:17:02.138 [main] INFO  org.example.Main - Executing calculatePowerFunction function!
2024-02-15 13:17:02.138 [main] INFO  org.example.Main - Executing calculatePowerFunction function!
2024-02-15 13:17:02.139 [main] INFO  org.example.Main - Executing calculateNaturalLogarithm function!
2024-02-15 13:17:02.139 [main] INFO  org.example.Main - Executing calculateNaturalLogarithm function!
2024-02-15 13:17:11.270 [main] INFO  org.example.Main - Executing calculateSquareRoot function!
2024-02-15 13:17:11.295 [main] INFO  org.example.Main - Executing calculateSquareRoot function!
2024-02-15 13:17:11.299 [main] INFO  org.example.Main - Executing calculateFactorial function!
2024-02-15 13:17:11.299 [main] INFO  org.example.Main - Executing calculateFactorial function!
2024-02-15 13:17:11.299 [main] INFO  org.example.Main - Executing calculatePowerFunction function!
2024-02-15 13:17:11.300 [main] INFO  org.example.Main - Executing calculatePowerFunction function!
2024-02-15 13:17:11.300 [main] INFO  org.example.Main - Executing calculateNaturalLogarithm function!
2024-02-15 13:17:11.300 [main] INFO  org.example.Main - Executing calculateNaturalLogarithm function!
2024-02-15 13:23:18.096 [main] INFO  org.example.Main - Executing calculateSquareRoot function!
2024-02-15 13:23:18.100 [main] INFO  org.example.Main - Executing calculateSquareRoot function!
2024-02-15 13:23:18.101 [main] INFO  org.example.Main - Executing calculateFactorial function!
2024-02-15 13:23:18.101 [main] INFO  org.example.Main - Executing calculateFactorial function!
2024-02-15 13:23:18.103 [main] INFO  org.example.Main - Executing calculatePowerFunction function!
2024-02-15 13:23:18.103 [main] INFO  org.example.Main - Executing calculatePowerFunction function!
2024-02-15 13:23:18.104 [main] INFO  org.example.Main - Executing calculateNaturalLogarithm function!
2024-02-15 13:23:18.104 [main] INFO  org.example.Main - Executing calculateNaturalLogarithm function!
2024-02-15 13:23:51.495 [main] INFO  org.example.Main - Executing calculateSquareRoot function!
2024-02-15 13:23:51.499 [main] INFO  org.example.Main - Executing calculateSquareRoot function!
2024-02-15 13:23:51.500 [main] INFO  org.example.Main - Executing calculateFactorial function!
2024-02-15 13:23:51.500 [main] INFO  org.example.Main - Executing calculateFactorial function!
2024-02-15 13:23:51.502 [main] INFO  org.example.Main - Executing calculatePowerFunction function!
2024-02-15 13:23:51.504 [main] INFO  org.example.Main - Executing calculatePowerFunction function!
2024-02-15 13:23:51.505 [main] INFO  org.example.Main - Executing calculateNaturalLogarithm function!
2024-02-15 13:23:51.506 [main] INFO  org.example.Main - Executing calculateNaturalLogarithm function!
2024-02-15 13:23:29.220 [main] INFO  org.example.Main - Scientific Calculator Menu:
2024-02-15 13:23:29.223 [main] INFO  org.example.Main - 1. Square root function - √x
2024-02-15 13:23:29.223 [main] INFO  org.example.Main - 2. Factorial function - x!
2024-02-15 13:23:29.223 [main] INFO  org.example.Main - 3. Natural logarithm (base е) - ln(x)
2024-02-15 13:23:29.223 [main] INFO  org.example.Main - 4. Power function - x^b
2024-02-15 13:23:29.223 [main] INFO  org.example.Main - 5. Exit
2024-02-15 13:23:29.223 [main] INFO  org.example.Main - Enter your choice: 
2024-02-15 13:24:01.833 [main] INFO  org.example.Main - Scientific Calculator Menu:
2024-02-15 13:24:01.838 [main] INFO  org.example.Main - 1. Square root function - √x
2024-02-15 13:24:01.838 [main] INFO  org.example.Main - 2. Factorial function - x!
2024-02-15 13:24:01.838 [main] INFO  org.example.Main - 3. Natural logarithm (base е) - ln(x)
2024-02-15 13:24:01.838 [main] INFO  org.example.Main - 4. Power function - x^b
2024-02-15 13:24:01.838 [main] INFO  org.example.Main - 5. Exit
2024-02-15 13:24:01.838 [main] INFO  org.example.Main - Enter your choice: 
2024-02-15 13:27:10.836 [main] INFO  org.example.Main - Scientific Calculator Menu:
2024-02-15 13:27:10.839 [main] INFO  org.example.Main - 1. Square root function - √x
2024-02-15 13:27:10.839 [main] INFO  org.example.Main - 2. Factorial function - x!
2024-02-15 13:27:10.839 [main] INFO  org.example.Main - 3. Natural logarithm (base е) - ln(x)
2024-02-15 13:27:10.839 [main] INFO  org.example.Main - 4. Power function - x^b
2024-02-15 13:27:10.839 [main] INFO  org.example.Main - 5. Exit
2024-02-15 13:27:10.839 [main] INFO  org.example.Main - Enter your choice: 
2024-02-15 13:31:49.195 [main] INFO  org.example.Main - The world's first unscientific calculator. Now with many many DevOp tools behind it
2024-02-15 13:31:56.713 [main] INFO  org.example.Main - Executing squareRoot function!
2024-02-15 13:33:36.560 [main] INFO  org.example.Main - Executing squareRoot function!
2024-02-15 13:33:36.575 [main] INFO  org.example.Main - Executing Factorial function!
2024-02-15 13:33:36.578 [main] INFO  org.example.Main - Executing Power function!
2024-02-15 13:33:36.582 [main] INFO  org.example.Main - Executing naturalLog function!
2024-02-15 13:37:05.938 [main] INFO  org.example.Main - The world's first unscientific calculator. Now with many many DevOp tools behind it
2024-02-15 13:37:05.954 [main] INFO  org.example.Main - Executing squareRoot function!
2024-02-15 13:37:05.962 [main] INFO  org.example.Main - The world's first unscientific calculator. Now with many many DevOp tools behind it
2024-02-15 13:37:05.964 [main] INFO  org.example.Main - Executing Factorial function!
2024-02-15 13:37:05.967 [main] INFO  org.example.Main - The world's first unscientific calculator. Now with many many DevOp tools behind it
2024-02-15 13:37:05.971 [main] INFO  org.example.Main - Executing Power function!
2024-02-15 13:37:05.972 [main] INFO  org.example.Main - Executing Factorial function!
2024-02-15 13:37:05.974 [main] INFO  org.example.Main - The world's first unscientific calculator. Now with many many DevOp tools behind it
2024-02-15 13:37:05.978 [main] INFO  org.example.Main - Executing naturalLog function!
2024-02-15 13:43:00.246 [main] INFO  org.example.Main - The world's first unscientific calculator. Now with many many DevOp tools behind it
2024-02-15 13:43:10.404 [main] INFO  org.example.Main - Executing naturalLog function!
2024-02-15 13:43:10.410 [main] INFO  org.example.Main - Executing squareRoot function!
2024-02-15 13:43:10.411 [main] INFO  org.example.Main - Executing Power function!
2024-02-15 13:43:10.412 [main] INFO  org.example.Main - Executing Factorial function!
2024-02-15 13:44:44.394 [main] INFO  org.example.Main - Executing naturalLog function!
2024-02-15 13:44:44.418 [main] INFO  org.example.Main - Executing squareRoot function!
2024-02-15 13:44:44.419 [main] INFO  org.example.Main - Executing Power function!
2024-02-15 13:44:44.419 [main] INFO  org.example.Main - Executing Factorial function!
2024-02-15 13:44:54.576 [main] INFO  org.example.Main - Executing naturalLog function!
2024-02-15 13:44:54.609 [main] INFO  org.example.Main - Executing squareRoot function!
2024-02-15 13:44:54.611 [main] INFO  org.example.Main - Executing Power function!
2024-02-15 13:44:54.613 [main] INFO  org.example.Main - Executing Factorial function!
2024-02-15 13:52:40.163 [main] INFO  org.example.Main - Executing naturalLog function!
2024-02-15 13:52:40.183 [main] INFO  org.example.Main - Executing squareRoot function!
2024-02-15 13:52:40.183 [main] INFO  org.example.Main - Executing Power function!
2024-02-15 13:52:40.184 [main] INFO  org.example.Main - Executing Factorial function!
2024-02-15 13:52:49.186 [main] INFO  org.example.Main - Executing naturalLog function!
2024-02-15 13:52:49.206 [main] INFO  org.example.Main - Executing squareRoot function!
2024-02-15 13:52:49.206 [main] INFO  org.example.Main - Executing Power function!
2024-02-15 13:52:49.207 [main] INFO  org.example.Main - Executing Factorial function!
2024-02-15 14:02:53.213 [main] INFO  org.example.Main - Executing naturalLog function!
2024-02-15 14:02:53.220 [main] INFO  org.example.Main - Executing squareRoot function!
2024-02-15 14:02:53.221 [main] INFO  org.example.Main - Executing Power function!
2024-02-15 14:02:53.222 [main] INFO  org.example.Main - Executing Factorial function!
2024-02-15 14:04:20.867 [main] INFO  org.example.Main - Executing naturalLog function!
2024-02-15 14:04:20.872 [main] INFO  org.example.Main - Executing squareRoot function!
2024-02-15 14:04:20.872 [main] INFO  org.example.Main - Executing Power function!
2024-02-15 14:04:20.873 [main] INFO  org.example.Main - Executing Factorial function!
2024-02-15 14:04:40.518 [main] INFO  org.example.Main - Executing naturalLog function!
2024-02-15 14:04:40.523 [main] INFO  org.example.Main - Executing squareRoot function!
2024-02-15 14:04:40.524 [main] INFO  org.example.Main - Executing Power function!
2024-02-15 14:04:40.525 [main] INFO  org.example.Main - Executing Factorial function!
2024-02-15 14:04:49.073 [main] INFO  org.example.Main - The world's first unscientific calculator. Now with many many DevOp tools behind it
2024-02-15 14:05:33.811 [main] INFO  org.example.Main - Executing naturalLog function!
2024-02-15 14:05:33.817 [main] INFO  org.example.Main - Executing squareRoot function!
2024-02-15 14:05:33.818 [main] INFO  org.example.Main - Executing Power function!
2024-02-15 14:05:33.819 [main] INFO  org.example.Main - Executing Factorial function!
